     0.352558493614197E+00     0.876610632985830E-03     0.149873983860016E+01     0.232944544404745E-02
     0.355916202068329E+00     0.685348082333803E-02     0.297082471847534E+01     0.182272456586361E-01
     0.359273910522461E+00     0.155572211369872E-01     0.389942741394043E+01     0.414089784026146E-01
     0.362631589174271E+00     0.263240523636341E-01     0.464099597930908E+01     0.701265037059784E-01
     0.365989297628403E+00     0.382802113890648E-01     0.525141668319702E+01     0.102056734263897E+00
     0.369347006082535E+00     0.515039227902889E-01     0.579032659530640E+01     0.137420251965523E+00
     0.372704714536667E+00     0.656626373529434E-01     0.627101230621338E+01     0.175333604216576E+00
     0.376062393188477E+00     0.803340747952461E-01     0.669881772994995E+01     0.214664041996002E+00
     0.379420101642609E+00     0.962077602744102E-01     0.710557651519775E+01     0.257283627986908E+00
     0.382777810096741E+00     0.111588530242443E+00     0.745629501342773E+01     0.298602908849716E+00
     0.386135488748550E+00     0.128315329551697E+00     0.780263042449951E+01     0.343616157770157E+00
     0.389493197202682E+00     0.144948318600655E+00     0.811647033691406E+01     0.388414204120636E+00
     0.392850905656815E+00     0.162977769970894E+00     0.843079185485840E+01     0.437068879604340E+00
     0.396208614110947E+00     0.180110991001129E+00     0.870611286163330E+01     0.483317196369171E+00
     0.399566292762756E+00     0.197562322020531E+00     0.896820163726807E+01     0.530477285385132E+00
     0.402924001216888E+00     0.216012418270111E+00     0.922907161712646E+01     0.580426871776581E+00
     0.406281709671021E+00     0.233982488512993E+00     0.946746158599854E+01     0.629102408885956E+00
     0.409639388322830E+00     0.251792103052139E+00     0.969067001342773E+01     0.677377879619598E+00
     0.412997096776962E+00     0.270218104124069E+00     0.991063594818115E+01     0.727402091026306E+00
     0.416354805231094E+00     0.289708614349365E+00     0.101331930160522E+02     0.780429244041443E+00
     0.419712513685226E+00     0.307309299707413E+00     0.103224172592163E+02     0.828258454799652E+00
     0.423070192337036E+00     0.326619118452072E+00     0.105235595703125E+02     0.880889415740967E+00
     0.426427900791168E+00     0.344921171665192E+00     0.107049055099487E+02     0.930763065814972E+00
     0.429785609245300E+00     0.362736046314240E+00     0.108739652633667E+02     0.979319870471954E+00
     0.433143287897110E+00     0.382327884435654E+00     0.110555839538574E+02     0.103289926052094E+01
     0.436500996351242E+00     0.400288581848145E+00     0.112138738632202E+02     0.108195769786835E+01
     0.439858704805374E+00     0.417997598648071E+00     0.113644342422485E+02     0.113035237789154E+01
     0.443216413259506E+00     0.437239617109299E+00     0.115250711441040E+02     0.118311023712158E+01
     0.446574091911316E+00     0.455383688211441E+00     0.116702280044556E+02     0.123282551765442E+01
     0.449931800365448E+00     0.473914474248886E+00     0.118146677017212E+02     0.128368330001831E+01
     0.453289508819580E+00     0.490675866603851E+00     0.119390621185303E+02     0.132957875728607E+01
     0.456647187471390E+00     0.508698046207428E+00     0.120713367462158E+02     0.137908923625946E+01
     0.460004895925522E+00     0.527481973171234E+00     0.122066965103149E+02     0.143081521987915E+01
     0.463362604379654E+00     0.544194936752319E+00     0.123210611343384E+02     0.147669887542725E+01
     0.466720312833786E+00     0.562830805778503E+00     0.124486961364746E+02     0.152810811996460E+01
     0.470077991485596E+00     0.580559551715851E+00     0.125658664703369E+02     0.157698190212250E+01
     0.473435699939728E+00     0.598215103149414E+00     0.126798057556152E+02     0.162569630146027E+01
     0.476793408393860E+00     0.615994811058044E+00     0.127922210693359E+02     0.167481660842896E+01
     0.480151087045670E+00     0.634013295173645E+00     0.129040765762329E+02     0.172467494010925E+01
     0.483508795499802E+00     0.648603379726410E+00     0.129876050949097E+02     0.176472449302673E+01
     0.486866503953934E+00     0.668062984943390E+00     0.131060943603516E+02     0.181883168220520E+01
     0.490224212408066E+00     0.684612691402435E+00     0.132007226943970E+02     0.186460959911346E+01
     0.493581891059875E+00     0.700299561023712E+00     0.132873973846436E+02     0.190793836116791E+01
     0.496939599514008E+00     0.716501235961914E+00     0.133762969970703E+02     0.195279550552368E+01
     0.500297307968140E+00     0.734949171543121E+00     0.134795713424683E+02     0.200421023368835E+01
     0.503655016422272E+00     0.749380230903625E+00     0.135530109405518E+02     0.204402327537537E+01
     0.507012724876404E+00     0.766277611255646E+00     0.136423740386963E+02     0.209103941917419E+01
     0.510370373725891E+00     0.781825065612793E+00     0.137211236953735E+02     0.213417601585388E+01
     0.513728082180023E+00     0.798372626304626E+00     0.138054494857788E+02     0.218027138710022E+01
     0.517085790634155E+00     0.814588725566864E+00     0.138863067626953E+02     0.222544956207275E+01
     0.520443499088287E+00     0.829029858112335E+00     0.139543418884277E+02     0.226548480987549E+01
     0.523801207542419E+00     0.846041798591614E+00     0.140382280349731E+02     0.231308579444885E+01
     0.527158915996552E+00     0.861639618873596E+00     0.141118335723877E+02     0.235659599304199E+01
     0.530516624450684E+00     0.876465022563934E+00     0.141795644760132E+02     0.239788341522217E+01
     0.533874273300171E+00     0.891203403472900E+00     0.142459278106689E+02     0.243895602226257E+01
     0.537231981754303E+00     0.905417919158936E+00     0.143082389831543E+02     0.247852730751038E+01
     0.540589690208435E+00     0.921774625778198E+00     0.143831167221069E+02     0.252445387840271E+01
     0.543947398662567E+00     0.937177479267120E+00     0.144512166976929E+02     0.256761813163757E+01
     0.547305107116699E+00     0.949352383613586E+00     0.144989337921143E+02     0.260128712654114E+01
     0.550662815570831E+00     0.962963283061981E+00     0.145548534393311E+02     0.263922929763794E+01
     0.554020524024963E+00     0.980062425136566E+00     0.146311607360840E+02     0.268755412101746E+01
     0.557378172874451E+00     0.994430601596832E+00     0.146903505325317E+02     0.272783207893372E+01
     0.560735881328583E+00     0.100787210464478E+01     0.147435312271118E+02     0.276540088653564E+01
     0.564093589782715E+00     0.101984810829163E+01     0.147876310348511E+02     0.279864311218262E+01
     0.567451298236847E+00     0.103341281414032E+01     0.148406248092651E+02     0.283664679527283E+01
     0.570809006690979E+00     0.104680132865906E+01     0.148921575546265E+02     0.287416601181030E+01
     0.574166715145111E+00     0.106094348430634E+01     0.149475717544556E+02     0.291397500038147E+01
     0.577524423599243E+00     0.107707250118256E+01     0.150138149261475E+02     0.295977306365967E+01
     0.580882072448730E+00     0.108746075630188E+01     0.150469760894775E+02     0.298843479156494E+01
     0.584239780902863E+00     0.110022950172424E+01     0.150933704376221E+02     0.302425765991211E+01
     0.587597489356995E+00     0.111381387710571E+01     0.151439619064331E+02     0.306256341934204E+01
     0.590955197811127E+00     0.112808978557587E+01     0.151979980468750E+02     0.310299086570740E+01
     0.594312906265259E+00     0.113896286487579E+01     0.152328491210938E+02     0.313322734832764E+01
     0.597670614719391E+00     0.115163576602936E+01     0.152774209976196E+02     0.316891431808472E+01
     0.601028323173523E+00     0.116368079185486E+01     0.153182554244995E+02     0.320274448394775E+01
     0.604385972023010E+00     0.117700803279877E+01     0.153657903671265E+02     0.324047946929932E+01
     0.607743680477142E+00     0.118886685371399E+01     0.154051189422607E+02     0.327382278442383E+01
     0.611101388931274E+00     0.120229709148407E+01     0.154526205062866E+02     0.331195187568665E+01
     0.614459097385406E+00     0.121344137191772E+01     0.154876470565796E+02     0.334320402145386E+01
     0.617816805839539E+00     0.122556042671204E+01     0.155276765823364E+02     0.337744259834290E+01
     0.621174514293671E+00     0.123877465724945E+01     0.155732755661011E+02     0.341504406929016E+01
     0.624532222747803E+00     0.124910616874695E+01     0.156034622192383E+02     0.344392919540405E+01
     0.627889871597290E+00     0.126166617870331E+01     0.156451988220215E+02     0.347962212562561E+01
     0.631247580051422E+00     0.127148127555847E+01     0.156724262237549E+02     0.350699734687805E+01
     0.634605288505554E+00     0.128148305416107E+01     0.157005023956299E+02     0.353496313095093E+01
     0.637962996959686E+00     0.129400587081909E+01     0.157415609359741E+02     0.357065320014954E+01
     0.641320705413818E+00     0.130388700962067E+01     0.157687816619873E+02     0.359831094741821E+01
     0.644678413867950E+00     0.131848096847534E+01     0.158200998306274E+02     0.364041137695312E+01
     0.648036122322083E+00     0.132914173603058E+01     0.158510980606079E+02     0.367052817344666E+01
     0.651393771171570E+00     0.133802175521851E+01     0.158729143142700E+02     0.369521641731262E+01
     0.654751479625702E+00     0.134990882873535E+01     0.159099340438843E+02     0.372915220260620E+01
     0.658109188079834E+00     0.135883402824402E+01     0.159318656921387E+02     0.375403237342834E+01
     0.661466896533966E+00     0.137143659591675E+01     0.159722757339478E+02     0.379024195671082E+01
     0.664824604988098E+00     0.138195502758026E+01     0.160017890930176E+02     0.382005143165588E+01
     0.668182313442230E+00     0.138839173316956E+01     0.160121116638184E+02     0.383746099472046E+01
     0.671540021896362E+00     0.139734053611755E+01     0.160383243560791E+02     0.386299538612366E+01
     0.674897670745850E+00     0.144331109523773E+01     0.161675910949707E+02     0.399405360221863E+01
     0.678255379199982E+00     0.148204278945923E+01     0.162648334503174E+02     0.410376644134521E+01
     0.681613087654114E+00     0.149193811416626E+01     0.162928543090820E+02     0.413224840164185E+01
     0.684970796108246E+00     0.150201821327209E+01     0.163198471069336E+02     0.416112184524536E+01
     0.688328504562378E+00     0.150802421569824E+01     0.163259658813477E+02     0.417719125747681E+01
     0.691686213016510E+00     0.151802146434784E+01     0.163515872955322E+02     0.420575046539307E+01
     0.695043921470642E+00     0.152830755710602E+01     0.163786125183105E+02     0.423525142669678E+01
     0.698401570320129E+00     0.153674483299255E+01     0.163968200683594E+02     0.425901603698730E+01
     0.701759278774261E+00     0.154981470108032E+01     0.164370727539062E+02     0.429729270935059E+01
     0.705116987228394E+00     0.155988883972168E+01     0.164630622863770E+02     0.432625102996826E+01
     0.708474695682526E+00     0.156460618972778E+01     0.164638023376465E+02     0.433847332000732E+01
     0.711832404136658E+00     0.157455468177795E+01     0.164892768859863E+02     0.436709880828857E+01
     0.715190112590790E+00     0.158353257179260E+01     0.165102176666260E+02     0.439271926879883E+01
     0.718547821044922E+00     0.159420692920685E+01     0.165391254425049E+02     0.442369842529297E+01
     0.721905529499054E+00     0.160211277008057E+01     0.165550804138184E+02     0.444601774215698E+01
     0.725263178348541E+00     0.161357760429382E+01     0.165876655578613E+02     0.447955894470215E+01
     0.728620886802673E+00     0.162267315387726E+01     0.166092338562012E+02     0.450569009780884E+01
     0.731978595256805E+00     0.162712776660919E+01     0.166092872619629E+02     0.451722860336304E+01
     0.735336303710938E+00     0.163689315319061E+01     0.166340351104736E+02     0.454552268981934E+01
     0.738694012165070E+00     0.164411735534668E+01     0.166470394134521E+02     0.456583309173584E+01
     0.742051720619202E+00     0.165571391582489E+01     0.166802730560303E+02     0.459997940063477E+01
     0.745409429073334E+00     0.166086792945862E+01     0.166838531494141E+02     0.461380529403687E+01
     0.748767077922821E+00     0.166859292984009E+01     0.166993217468262E+02     0.463577842712402E+01
     0.752124786376953E+00     0.167755985260010E+01     0.167205162048340E+02     0.466170835494995E+01
     0.755482494831085E+00     0.168720936775208E+01     0.167448673248291E+02     0.468983507156372E+01
     0.758840203285217E+00     0.169257318973541E+01     0.167496662139893E+02     0.470440721511841E+01
     0.762197911739349E+00     0.170127391815186E+01     0.167697486877441E+02     0.472958326339722E+01
     0.765555620193481E+00     0.171044683456421E+01     0.167920207977295E+02     0.475629281997681E+01
     0.768913328647614E+00     0.171946680545807E+01     0.168135929107666E+02     0.478254795074463E+01
     0.772270977497101E+00     0.172493386268616E+01     0.168191280364990E+02     0.479753541946411E+01
     0.775628685951233E+00     0.173308277130127E+01     0.168368492126465E+02     0.482107591629028E+01
     0.778986394405365E+00     0.173940277099609E+01     0.168463478088379E+02     0.483881759643555E+01
     0.782344102859497E+00     0.174636304378510E+01     0.168587989807129E+02     0.485862112045288E+01
     0.785701811313629E+00     0.175526106357574E+01     0.168800277709961E+02     0.488463163375854E+01
     0.789059519767761E+00     0.176249623298645E+01     0.168938083648682E+02     0.490536451339722E+01
     0.792417228221893E+00     0.176841688156128E+01     0.169017581939697E+02     0.492192316055298E+01
     0.795774877071381E+00     0.177698040008545E+01     0.169215888977051E+02     0.494694900512695E+01
     0.799132585525513E+00     0.178412222862244E+01     0.169351024627686E+02     0.496745824813843E+01
     0.802490293979645E+00     0.179202115535736E+01     0.169520320892334E+02     0.499041461944580E+01
     0.805848002433777E+00     0.179775941371918E+01     0.169593868255615E+02     0.500647640228271E+01
     0.809205710887909E+00     0.180456674098969E+01     0.169715709686279E+02     0.502598524093628E+01
     0.812563419342041E+00     0.181045556068420E+01     0.169797172546387E+02     0.504256868362427E+01
     0.815921127796173E+00     0.181767392158508E+01     0.169938316345215E+02     0.506344079971313E+01
     0.819278776645660E+00     0.182470798492432E+01     0.170071620941162E+02     0.508374404907227E+01
     0.822636485099792E+00     0.183086752891541E+01     0.170166854858398E+02     0.510126113891602E+01
     0.825994193553925E+00     0.183672404289246E+01     0.170249443054199E+02     0.511782550811768E+01
     0.829351902008057E+00     0.184388625621796E+01     0.170390033721924E+02     0.513861036300659E+01
     0.832709610462189E+00     0.185248506069183E+01     0.170594482421875E+02     0.516405057907104E+01
     0.836067318916321E+00     0.185479784011841E+01     0.170522613525391E+02     0.516925477981567E+01
     0.839425027370453E+00     0.186467444896698E+01     0.170784072875977E+02     0.519886255264282E+01
     0.842782676219940E+00     0.186976504325867E+01     0.170835800170898E+02     0.521305942535400E+01
     0.846140384674072E+00     0.187693691253662E+01     0.170979347229004E+02     0.523399448394775E+01
     0.849498093128204E+00     0.188209223747253E+01     0.171035022735596E+02     0.524843549728394E+01
     0.852855801582336E+00     0.188822853565216E+01     0.171134281158447E+02     0.526606655120850E+01
     0.856213510036469E+00     0.189183652400970E+01     0.171123771667480E+02     0.527553796768188E+01
     0.859571218490601E+00     0.190006220340729E+01     0.171315422058105E+02     0.529997062683105E+01
     0.862928926944733E+00     0.190497314929962E+01     0.171362934112549E+02     0.531369161605835E+01
     0.866286575794220E+00     0.191182100772858E+01     0.171495456695557E+02     0.533370876312256E+01
     0.869644284248352E+00     0.191737484931946E+01     0.171572380065918E+02     0.534955406188965E+01
     0.873001992702484E+00     0.192238378524780E+01     0.171625957489014E+02     0.536364603042603E+01
     0.876359701156616E+00     0.192956590652466E+01     0.171774616241455E+02     0.538481426239014E+01
     0.879717409610748E+00     0.193510770797729E+01     0.171852684020996E+02     0.540067672729492E+01
     0.883075118064880E+00     0.193974208831787E+01     0.171891880035400E+02     0.541360521316528E+01
     0.886432826519012E+00     0.194724726676941E+01     0.172056045532227E+02     0.543589210510254E+01
     0.889790475368500E+00     0.195022070407867E+01     0.172024650573730E+02     0.544344806671143E+01
     0.893148183822632E+00     0.195737767219543E+01     0.172174930572510E+02     0.546464538574219E+01
     0.896505892276764E+00     0.196145868301392E+01     0.172192592620850E+02     0.547583580017090E+01
     0.899863600730896E+00     0.196587085723877E+01     0.172225475311279E+02     0.548812341690063E+01
     0.903221309185028E+00     0.197411596775055E+01     0.172424011230469E+02     0.551293230056763E+01
     0.906579017639160E+00     0.197822856903076E+01     0.172445068359375E+02     0.552427577972412E+01
     0.909936726093292E+00     0.198289394378662E+01     0.172490520477295E+02     0.553743839263916E+01
     0.913294374942780E+00     0.198876988887787E+01     0.172588710784912E+02     0.555457544326782E+01
     0.916652083396912E+00     0.199435818195343E+01     0.172675056457520E+02     0.557079076766968E+01
     0.920009791851044E+00     0.199978637695312E+01     0.172754974365234E+02     0.558649969100952E+01
     0.923367500305176E+00     0.200450634956360E+01     0.172805175781250E+02     0.559990882873535E+01
     0.926725208759308E+00     0.201002120971680E+01     0.172890033721924E+02     0.561593866348267E+01
     0.930082917213440E+00     0.201411986351013E+01     0.172914829254150E+02     0.562734365463257E+01
     0.933440625667572E+00     0.201830148696899E+01     0.172943687438965E+02     0.563903284072876E+01
     0.936798274517059E+00     0.202465534210205E+01     0.173066139221191E+02     0.565786743164062E+01
     0.940155982971191E+00     0.202710556983948E+01     0.173022308349609E+02     0.566390419006348E+01
     0.943513691425323E+00     0.203358888626099E+01     0.173151245117188E+02     0.568319749832153E+01
     0.946871399879456E+00     0.203893017768860E+01     0.173232192993164E+02     0.569876241683960E+01
     0.950229108333588E+00     0.204230093955994E+01     0.173229351043701E+02     0.570785951614380E+01
     0.953586816787720E+00     0.204754352569580E+01     0.173307094573975E+02     0.572313022613525E+01
     0.956944525241852E+00     0.205252909660339E+01     0.173374423980713E+02     0.573757266998291E+01
     0.960302174091339E+00     0.205666828155518E+01     0.173406314849854E+02     0.574924325942993E+01
     0.963659882545471E+00     0.206080198287964E+01     0.173438529968262E+02     0.576090955734253E+01
     0.967017590999603E+00     0.206611800193787E+01     0.173521556854248E+02     0.577648782730103E+01
     0.970375299453735E+00     0.207042050361633E+01     0.173562107086182E+02     0.578874015808105E+01
     0.973733007907867E+00     0.207504582405090E+01     0.173616867065430E+02     0.580207252502441E+01
     0.977090716362000E+00     0.208050894737244E+01     0.173707847595215E+02     0.581818914413452E+01
     0.980448424816132E+00     0.208273768424988E+01     0.173661880493164E+02     0.582363176345825E+01
     0.983806073665619E+00     0.208789658546448E+01     0.173741111755371E+02     0.583877325057983E+01
     0.987163782119751E+00     0.209310126304626E+01     0.173822689056396E+02     0.585408258438110E+01
     0.990521490573883E+00     0.209398412704468E+01     0.173721599578857E+02     0.585510635375977E+01
     0.993879199028015E+00     0.210201263427734E+01     0.173924045562744E+02     0.587979364395142E+01
     0.997236907482147E+00     0.210414791107178E+01     0.173877124786377E+02     0.588498163223267E+01
     0.100059461593628E+01     0.211059355735779E+01     0.174013538360596E+02     0.590446853637695E+01
     0.100395226478577E+01     0.211274051666260E+01     0.173968582153320E+02     0.590972042083740E+01
     0.100731003284454E+01     0.211759090423584E+01     0.174038333892822E+02     0.592394638061523E+01
     0.101066768169403E+01     0.212099266052246E+01     0.174047222137451E+02     0.593337774276733E+01
     0.101402544975281E+01     0.212510871887207E+01     0.174087371826172E+02     0.594520044326782E+01
     0.101738309860229E+01     0.212939071655273E+01     0.174134826660156E+02     0.595758485794067E+01
     0.102074074745178E+01     0.213373661041260E+01     0.174185504913330E+02     0.597019529342651E+01
     0.102409851551056E+01     0.213763380050659E+01     0.174217662811279E+02     0.598132658004761E+01
     0.102745616436005E+01     0.214145731925964E+01     0.174247131347656E+02     0.599222421646118E+01
     0.103081393241882E+01     0.214604282379150E+01     0.174309635162354E+02     0.600567626953125E+01
     0.103417158126831E+01     0.214906430244446E+01     0.174306735992432E+02     0.601393461227417E+01
     0.103752934932709E+01     0.215263795852661E+01     0.174327411651611E+02     0.602404022216797E+01
     0.104088699817657E+01     0.215748548507690E+01     0.174402275085449E+02     0.603840351104736E+01
     0.104424464702606E+01     0.215812349319458E+01     0.174300308227539E+02     0.603874492645264E+01
     0.104760241508484E+01     0.216372108459473E+01     0.174408206939697E+02     0.605564069747925E+01
     0.105096006393433E+01     0.216654562950134E+01     0.174399566650391E+02     0.606329536437988E+01
     0.105431783199310E+01     0.217049765586853E+01     0.174438972473145E+02     0.607472610473633E+01
     0.105767548084259E+01     0.217584586143494E+01     0.174537544250488E+02     0.609083223342896E+01
     0.106103324890137E+01     0.217700695991516E+01     0.174460620880127E+02     0.609296417236328E+01
     0.106439089775085E+01     0.218037891387939E+01     0.174477081298828E+02     0.610249137878418E+01
     0.106774854660034E+01     0.218441796302795E+01     0.174522247314453E+02     0.611426210403442E+01
     0.107110631465912E+01     0.218809318542480E+01     0.174552440643311E+02     0.612482690811157E+01
     0.107446396350861E+01     0.219137644767761E+01     0.174566764831543E+02     0.613409328460693E+01
     0.107782173156738E+01     0.219469904899597E+01     0.174583435058594E+02     0.614350414276123E+01
     0.108117938041687E+01     0.219876432418823E+01     0.174631481170654E+02     0.615541124343872E+01
     0.108453714847565E+01     0.220029330253601E+01     0.174573898315430E+02     0.615883493423462E+01
     0.108789479732513E+01     0.220514249801636E+01     0.174655933380127E+02     0.617339420318604E+01
     0.109125244617462E+01     0.220743441581726E+01     0.174631214141846E+02     0.617939186096191E+01
     0.109461021423340E+01     0.221220445632935E+01     0.174710903167725E+02     0.619371271133423E+01
     0.109796786308289E+01     0.221470379829407E+01     0.174696197509766E+02     0.620043039321899E+01
     0.110132563114166E+01     0.221762037277222E+01     0.174698810577393E+02     0.620854997634888E+01
     0.110468327999115E+01     0.222160458564758E+01     0.174747486114502E+02     0.622027683258057E+01
     0.110804104804993E+01     0.222356986999512E+01     0.174711437225342E+02     0.622522306442261E+01
     0.111139869689941E+01     0.222792243957520E+01     0.174776248931885E+02     0.623820781707764E+01
     0.111475634574890E+01     0.223113727569580E+01     0.174793663024902E+02     0.624737691879272E+01
     0.111811411380768E+01     0.223254275321960E+01     0.174735641479492E+02     0.625046634674072E+01
     0.112147176265717E+01     0.223726916313171E+01     0.174817485809326E+02     0.626474523544312E+01
     0.112482953071594E+01     0.224054145812988E+01     0.174838924407959E+02     0.627414178848267E+01
     0.112818717956543E+01     0.224379134178162E+01     0.174859848022461E+02     0.628347396850586E+01
     0.113154494762421E+01     0.224546384811401E+01     0.174815158843994E+02     0.628749895095825E+01
     0.113490259647369E+01     0.224929976463318E+01     0.174861431121826E+02     0.629882383346558E+01
     0.113826024532318E+01     0.225301957130432E+01     0.174903392791748E+02     0.630977106094360E+01
     0.114161801338196E+01     0.225436687469482E+01     0.174846744537354E+02     0.631272792816162E+01
     0.114497566223145E+01     0.225856399536133E+01     0.174909496307373E+02     0.632530593872070E+01
     0.114833343029022E+01     0.226095294952393E+01     0.174897155761719E+02     0.633179187774658E+01
     0.115169107913971E+01     0.226235842704773E+01     0.174844360351562E+02     0.633496761322021E+01
     0.115504884719849E+01     0.226678180694580E+01     0.174917774200439E+02     0.634834051132202E+01
     0.115840649604797E+01     0.227092742919922E+01     0.174980754852295E+02     0.636079978942871E+01
     0.116176414489746E+01     0.227188873291016E+01     0.174910335540771E+02     0.636249208450317E+01
     0.116512191295624E+01     0.227254629135132E+01     0.174827861785889E+02     0.636316585540771E+01
     0.116847956180573E+01     0.227856445312500E+01     0.174970111846924E+02     0.638198518753052E+01
     0.117183732986450E+01     0.228047013282776E+01     0.174940795898438E+02     0.638689899444580E+01
     0.117519497871399E+01     0.228261613845825E+01     0.174922008514404E+02     0.639263486862183E+01
     0.117855274677277E+01     0.228584837913513E+01     0.174949073791504E+02     0.640205860137939E+01
     0.118191039562225E+01     0.228855681419373E+01     0.174954833984375E+02     0.640971946716309E+01
     0.118526804447174E+01     0.228914141654968E+01     0.174872016906738E+02     0.641018629074097E+01
     0.118862581253052E+01     0.229416370391846E+01     0.174975452423096E+02     0.642571115493774E+01
     0.119198346138000E+01     0.229612612724304E+01     0.174950923919678E+02     0.643086290359497E+01
     0.119534122943878E+01     0.230018591880798E+01     0.175015087127686E+02     0.644314861297607E+01
     0.119869887828827E+01     0.230180335044861E+01     0.174977149963379E+02     0.644714784622192E+01
     0.120205664634705E+01     0.230465817451477E+01     0.174991493225098E+02     0.645535850524902E+01
     0.120541429519653E+01     0.230800008773804E+01     0.175026912689209E+02     0.646523857116699E+01
     0.120877194404602E+01     0.230926060676575E+01     0.174975204467773E+02     0.646804523468018E+01
     0.121212971210480E+01     0.231324577331543E+01     0.175038127899170E+02     0.648012733459473E+01
     0.121548736095428E+01     0.231350088119507E+01     0.174945697784424E+02     0.647953557968140E+01
     0.121884512901306E+01     0.231674075126648E+01     0.174978179931641E+02     0.648909902572632E+01
     0.122220277786255E+01     0.231799101829529E+01     0.174927997589111E+02     0.649190235137939E+01
     0.122556054592133E+01     0.232165265083313E+01     0.174979286193848E+02     0.650292491912842E+01
     0.122891819477081E+01     0.232514810562134E+01     0.175023880004883E+02     0.651339101791382E+01
     0.123227584362030E+01     0.232671308517456E+01     0.174988117218018E+02     0.651728820800781E+01
     0.123563361167908E+01     0.232888627052307E+01     0.174978179931641E+02     0.652326536178589E+01
     0.123899126052856E+01     0.233161735534668E+01     0.174992103576660E+02     0.653115415573120E+01
     0.124234902858734E+01     0.233366394042969E+01     0.174977626800537E+02     0.653671455383301E+01
     0.124570667743683E+01     0.233610224723816E+01     0.174980182647705E+02     0.654362249374390E+01
     0.124906444549561E+01     0.233776044845581E+01     0.174950389862061E+02     0.654787445068359E+01
     0.125242209434509E+01     0.234011721611023E+01     0.174950122833252E+02     0.655451583862305E+01
     0.125577974319458E+01     0.234185934066772E+01     0.174924583435059E+02     0.655906724929810E+01
     0.125913751125336E+01     0.234516668319702E+01     0.174965057373047E+02     0.656897449493408E+01
     0.126249516010284E+01     0.234691715240479E+01     0.174940624237061E+02     0.657356929779053E+01
     0.126585292816162E+01     0.234785223007202E+01     0.174882678985596E+02     0.657538652420044E+01
     0.126921057701111E+01     0.235168766975403E+01     0.174946403503418E+02     0.658712434768677E+01
     0.127256834506989E+01     0.235396862030029E+01     0.174945354461670E+02     0.659355545043945E+01
     0.127592599391937E+01     0.235609650611877E+01     0.174938507080078E+02     0.659947299957275E+01
     0.127928364276886E+01     0.235788202285767E+01     0.174917545318604E+02     0.660422420501709E+01
     0.128264141082764E+01     0.235880470275879E+01     0.174860973358154E+02     0.660602951049805E+01
     0.128599905967712E+01     0.236239337921143E+01     0.174916343688965E+02     0.661696958541870E+01
     0.128935682773590E+01     0.236421132087708E+01     0.174897937774658E+02     0.662185335159302E+01
     0.129271447658539E+01     0.236476135253906E+01     0.174826755523682E+02     0.662239837646484E+01
     0.129607224464417E+01     0.236745834350586E+01     0.174845848083496E+02     0.663030672073364E+01
     0.129942989349365E+01     0.236880993843079E+01     0.174809169769287E+02     0.663361358642578E+01
     0.130278754234314E+01     0.237241482734680E+01     0.174867362976074E+02     0.664465618133545E+01
     0.130614531040192E+01     0.237597084045410E+01     0.174922790527344E+02     0.665552711486816E+01
     0.130950295925140E+01     0.237609100341797E+01     0.174838790893555E+02     0.665467262268066E+01
     0.131286072731018E+01     0.238021850585938E+01     0.174911651611328E+02     0.666741847991943E+01
     0.131621837615967E+01     0.238148832321167E+01     0.174868946075439E+02     0.667041492462158E+01
     0.131957614421844E+01     0.239105653762817E+01     0.174804000854492E+02     0.669667053222656E+01
     0.132293379306793E+01     0.239000082015991E+01     0.174708194732666E+02     0.669230556488037E+01
     0.132629144191742E+01     0.239376235008240E+01     0.174761962890625E+02     0.670376634597778E+01
     0.132964920997620E+01     0.239691686630249E+01     0.174806461334229E+02     0.671337366104126E+01
     0.133300685882568E+01     0.239605379104614E+01     0.174679012298584E+02     0.670910215377808E+01
     0.133636462688446E+01     0.239908885955811E+01     0.174716339111328E+02     0.671827077865601E+01
     0.133972227573395E+01     0.240086507797241E+01     0.174700908660889E+02     0.672310781478882E+01
     0.134308004379272E+01     0.240343093872070E+01     0.174719200134277E+02     0.673067522048950E+01
     0.134643769264221E+01     0.240388226509094E+01     0.174649124145508E+02     0.673096179962158E+01
     0.134979534149170E+01     0.240695500373840E+01     0.174689311981201E+02     0.674029016494751E+01
     0.135315310955048E+01     0.240817642211914E+01     0.174652404785156E+02     0.674324607849121E+01
     0.135651075839996E+01     0.241011190414429E+01     0.174645538330078E+02     0.674866580963135E+01
     0.135986852645874E+01     0.241288256645203E+01     0.174674320220947E+02     0.675697898864746E+01
     0.136322617530823E+01     0.241471576690674E+01     0.174664039611816E+02     0.676206254959106E+01
     0.136658394336700E+01     0.241608119010925E+01     0.174634494781494E+02     0.676553869247437E+01
     0.136994159221649E+01     0.241949892044067E+01     0.174691352844238E+02     0.677610778808594E+01
     0.137329924106598E+01     0.241936373710632E+01     0.174599494934082E+02     0.677441167831421E+01
     0.137665700912476E+01     0.242228603363037E+01     0.174636306762695E+02     0.678328466415405E+01
     0.138001465797424E+01     0.242335700988770E+01     0.174595775604248E+02     0.678576755523682E+01
     0.138337242603302E+01     0.242621278762817E+01     0.174630622863770E+02     0.679442739486694E+01
     0.138673007488251E+01     0.242615723609924E+01     0.174543437957764E+02     0.679302501678467E+01
     0.139008784294128E+01     0.242785215377808E+01     0.174530105590820E+02     0.679768180847168E+01
     0.139344549179077E+01     0.243146824836731E+01     0.174597854614258E+02     0.680899333953857E+01
     0.139680314064026E+01     0.243171906471252E+01     0.174524459838867E+02     0.680866479873657E+01
     0.140016090869904E+01     0.243297171592712E+01     0.174493751525879E+02     0.681181240081787E+01
     0.140351855754852E+01     0.243422842025757E+01     0.174463176727295E+02     0.681497383117676E+01
     0.140687632560730E+01     0.243681669235229E+01     0.174489135742188E+02     0.682275629043579E+01
     0.141023397445679E+01     0.243839764595032E+01     0.174473037719727E+02     0.682705593109131E+01
     0.141359174251556E+01     0.244036507606506E+01     0.174473781585693E+02     0.683270502090454E+01
     0.141694939136505E+01     0.244035005569458E+01     0.174391117095947E+02     0.683148241043091E+01
     0.142030715942383E+01     0.244373273849487E+01     0.174451885223389E+02     0.684204769134521E+01
     0.142366480827332E+01     0.244558596611023E+01     0.174448547363281E+02     0.684731626510620E+01
     0.142702245712280E+01     0.244619154930115E+01     0.174393062591553E+02     0.684826183319092E+01
     0.143038022518158E+01     0.244652152061462E+01     0.174326286315918E+02     0.684825611114502E+01
     0.143373787403107E+01     0.244972181320190E+01     0.174380588531494E+02     0.685821580886841E+01
     0.143709564208984E+01     0.245145320892334E+01     0.174373703002930E+02     0.686308908462524E+01
     0.144045329093933E+01     0.245298242568970E+01     0.174358196258545E+02     0.686725997924805E+01
     0.144381105899811E+01     0.245231819152832E+01     0.174250869750977E+02     0.686382150650024E+01
     0.144716870784760E+01     0.245437264442444E+01     0.174258384704590E+02     0.686983060836792E+01
     0.145052635669708E+01     0.245734095573425E+01     0.174304637908936E+02     0.687902164459229E+01
     0.145388412475586E+01     0.245795702934265E+01     0.174251995086670E+02     0.688004255294800E+01
     0.145724177360535E+01     0.245957064628601E+01     0.174241924285889E+02     0.688453865051270E+01
     0.146059954166412E+01     0.246063280105591E+01     0.174208698272705E+02     0.688711977005005E+01
     0.146395719051361E+01     0.246271491050720E+01     0.174218959808350E+02     0.689325666427612E+01
     0.146731495857239E+01     0.246445608139038E+01     0.174215145111084E+02     0.689821386337280E+01
     0.147067260742188E+01     0.246708393096924E+01     0.174248981475830E+02     0.690626192092896E+01
     0.147403025627136E+01     0.246518468856812E+01     0.174091968536377E+02     0.689855480194092E+01
     0.147738802433014E+01     0.246983647346497E+01     0.174211807250977E+02     0.691366100311279E+01
     0.148074567317963E+01     0.246962213516235E+01     0.174126682281494E+02     0.691183042526245E+01
     0.148410344123840E+01     0.247051668167114E+01     0.174088401794434E+02     0.691386222839355E+01
     0.148746109008789E+01     0.247238063812256E+01     0.174091548919678E+02     0.691927957534790E+01
     0.149081885814667E+01     0.247273540496826E+01     0.174031200408936E+02     0.691944169998169E+01
     0.149417650699615E+01     0.247550272941589E+01     0.174073085784912E+02     0.692801904678345E+01
     0.149753415584564E+01     0.247700214385986E+01     0.174061679840088E+02     0.693218183517456E+01
     0.150089192390442E+01     0.247760295867920E+01     0.174012680053711E+02     0.693321752548218E+01
     0.150424957275391E+01     0.248034739494324E+01     0.174054489135742E+02     0.694173431396484E+01
     0.150760734081268E+01     0.247914838790894E+01     0.173929653167725E+02     0.693649435043335E+01
     0.151096498966217E+01     0.248180532455444E+01     0.173968753814697E+02     0.694472265243530E+01
     0.151432275772095E+01     0.248320579528809E+01     0.173953514099121E+02     0.694855070114136E+01
     0.151768040657043E+01     0.248518776893616E+01     0.173965282440186E+02     0.695444440841675E+01
     0.152103805541992E+01     0.248465561866760E+01     0.173884372711182E+02     0.695175409317017E+01
     0.152439582347870E+01     0.248930597305298E+01     0.173867073059082E+02     0.696495056152344E+01
     0.152775347232819E+01     0.250072693824768E+01     0.173666992187500E+02     0.699516677856445E+01
     0.153111124038696E+01     0.250033760070801E+01     0.173667373657227E+02     0.699404335021973E+01
     0.153446888923645E+01     0.250118207931519E+01     0.173607120513916E+02     0.699563312530518E+01
     0.153782665729523E+01     0.250365829467773E+01     0.173645114898682E+02     0.700335311889648E+01
     0.154118430614471E+01     0.250504422187805E+01     0.173630619049072E+02     0.700716590881348E+01
     0.154454195499420E+01     0.250525760650635E+01     0.173567714691162E+02     0.700688982009888E+01
     0.154789972305298E+01     0.250630760192871E+01     0.173540630340576E+02     0.700955057144165E+01
     0.155125737190247E+01     0.250787496566772E+01     0.173535537719727E+02     0.701402568817139E+01
     0.155461513996124E+01     0.251099133491516E+01     0.173596878051758E+02     0.702394580841064E+01
     0.155797278881073E+01     0.251077985763550E+01     0.173516941070557E+02     0.702219390869141E+01
     0.156133055686951E+01     0.251201152801514E+01     0.173498706817627E+02     0.702551174163818E+01
     0.156468820571899E+01     0.251255440711975E+01     0.173451423645020E+02     0.702641582489014E+01
     0.156804585456848E+01     0.251259565353394E+01     0.173382854461670E+02     0.702556085586548E+01
     0.157140362262726E+01     0.251557374000549E+01     0.173439750671387E+02     0.703502321243286E+01
     0.157476127147675E+01     0.251530385017395E+01     0.173358745574951E+02     0.703308677673340E+01
     0.157811903953552E+01     0.251943421363831E+01     0.173465251922607E+02     0.704661130905151E+01
     0.158147668838501E+01     0.251908206939697E+01     0.173381195068359E+02     0.704439210891724E+01
     0.158483445644379E+01     0.251878070831299E+01     0.173299465179443E+02     0.704235315322876E+01
     0.158819210529327E+01     0.252067732810974E+01     0.173311653137207E+02     0.704804420471191E+01
     0.159154975414276E+01     0.252246165275574E+01     0.173319416046143E+02     0.705334758758545E+01
     0.159490752220154E+01     0.252423191070557E+01     0.173326778411865E+02     0.705860567092896E+01
     0.159826517105103E+01     0.252487945556641E+01     0.173286590576172E+02     0.705992031097412E+01
     0.160162293910980E+01     0.252636122703552E+01     0.173282279968262E+02     0.706417512893677E+01
     0.160498058795929E+01     0.252501702308655E+01     0.173157596588135E+02     0.705848789215088E+01
     0.160833835601807E+01     0.252785611152649E+01     0.173211669921875E+02     0.706752681732178E+01
     0.161169600486755E+01     0.252920055389404E+01     0.173202152252197E+02     0.707131004333496E+01
     0.161505365371704E+01     0.253006219863892E+01     0.173172454833984E+02     0.707339954376221E+01
     0.161841142177582E+01     0.253091096878052E+01     0.173142433166504E+02     0.707544851303101E+01
     0.162176907062531E+01     0.253162741661072E+01     0.173106842041016E+02     0.707703256607056E+01
     0.162512683868408E+01     0.253431653976440E+01     0.173155918121338E+02     0.708557367324829E+01
     0.162848448753357E+01     0.253435492515564E+01     0.173092041015625E+02     0.708477926254272E+01
     0.163184225559235E+01     0.253647708892822E+01     0.173117523193359E+02     0.709133434295654E+01
     0.163519990444183E+01     0.253472447395325E+01     0.172977371215820E+02     0.708423042297363E+01
     0.163855755329132E+01     0.253803682327271E+01     0.173054199218750E+02     0.709499073028564E+01
     0.164191532135010E+01     0.253859686851501E+01     0.173013610839844E+02     0.709605026245117E+01
     0.164527297019958E+01     0.253823089599609E+01     0.172933444976807E+02     0.709384441375732E+01
     0.164863073825836E+01     0.254050660133362E+01     0.172966632843018E+02     0.710096311569214E+01
     0.165198838710785E+01     0.254222583770752E+01     0.172976360321045E+02     0.710612487792969E+01
     0.165534615516663E+01     0.254268336296082E+01     0.172932395935059E+02     0.710683965682983E+01
     0.165870380401611E+01     0.254187035560608E+01     0.172834053039551E+02     0.710306882858276E+01
     0.166206145286560E+01     0.254500246047974E+01     0.172905044555664E+02     0.711323261260986E+01
     0.166541922092438E+01     0.254349970817566E+01     0.172777557373047E+02     0.710703182220459E+01
     0.166877686977386E+01     0.254674363136292E+01     0.172853889465332E+02     0.711760139465332E+01
     0.167213463783264E+01     0.254705023765564E+01     0.172804470062256E+02     0.711779880523682E+01
     0.167549228668213E+01     0.254850888252258E+01     0.172804775238037E+02     0.712207174301147E+01
     0.167885005474091E+01     0.254977488517761E+01     0.172796878814697E+02     0.712566661834717E+01
     0.168220770359039E+01     0.254871416091919E+01     0.172689628601074E+02     0.712104272842407E+01
     0.168556535243988E+01     0.255079412460327E+01     0.172717113494873E+02     0.712752199172974E+01
     0.168892312049866E+01     0.255152225494385E+01     0.172687053680420E+02     0.712922954559326E+01
     0.169228076934814E+01     0.255174183845520E+01     0.172635250091553E+02     0.712913942337036E+01
     0.169563853740692E+01     0.255322647094727E+01     0.172638072967529E+02     0.713352918624878E+01
     0.169899618625641E+01     0.255456757545471E+01     0.172634868621826E+02     0.713741397857666E+01
     0.170235395431519E+01     0.255641102790833E+01     0.172653541564941E+02     0.714308309555054E+01
     0.170571160316467E+01     0.255560922622681E+01     0.172558765411377E+02     0.713939189910889E+01
     0.170906925201416E+01     0.255630207061768E+01     0.172528400421143E+02     0.714099407196045E+01
     0.171242702007294E+01     0.255859065055847E+01     0.172566909790039E+02     0.714825153350830E+01
     0.171578466892242E+01     0.255929303169250E+01     0.172537498474121E+02     0.714989662170410E+01
     0.171914243698120E+01     0.256008100509644E+01     0.172511901855469E+02     0.715184783935547E+01
     0.172250008583069E+01     0.256092166900635E+01     0.172488822937012E+02     0.715398883819580E+01
     0.172585785388947E+01     0.256177163124084E+01     0.172466297149658E+02     0.715616655349731E+01
     0.172921550273895E+01     0.256108570098877E+01     0.172378005981445E+02     0.715290546417236E+01
     0.173257315158844E+01     0.256307220458984E+01     0.172404823303223E+02     0.715911769866943E+01
     0.173593091964722E+01     0.256276679039001E+01     0.172333316802979E+02     0.715721082687378E+01
     0.173928856849670E+01     0.256384348869324E+01     0.172321491241455E+02     0.716020727157593E+01
     0.174264633655548E+01     0.256579899787903E+01     0.172347774505615E+02     0.716632366180420E+01
     0.174600398540497E+01     0.256768345832825E+01     0.172371196746826E+02     0.717219448089600E+01
     0.174936175346375E+01     0.256638693809509E+01     0.172257614135742E+02     0.716677999496460E+01
     0.175271940231323E+01     0.256639361381531E+01     0.172200393676758E+02     0.716599273681641E+01
     0.175607705116272E+01     0.256902623176575E+01     0.172256793975830E+02     0.717453002929688E+01
     0.175943481922150E+01     0.257097077369690E+01     0.172283821105957E+02     0.718063116073608E+01
     0.176279246807098E+01     0.256953382492065E+01     0.172164783477783E+02     0.717472553253174E+01
     0.176615023612976E+01     0.257145810127258E+01     0.172191276550293E+02     0.718076133728027E+01
     0.176950788497925E+01     0.257216858863831E+01     0.172165527343750E+02     0.718248939514160E+01
     0.177286565303802E+01     0.257216358184814E+01     0.172109222412109E+02     0.718168163299561E+01
     0.177622330188751E+01     0.257197451591492E+01     0.172044887542725E+02     0.718021917343140E+01
     0.177958095073700E+01     0.257477736473083E+01     0.172110214233398E+02     0.718939304351807E+01
     0.178293871879578E+01     0.257579255104065E+01     0.172098522186279E+02     0.719221878051758E+01
     0.178629636764526E+01     0.257542276382446E+01     0.172026977539062E+02     0.719012260437012E+01
     0.178965413570404E+01     0.257678842544556E+01     0.172030830383301E+02     0.719420099258423E+01
     0.179301178455353E+01     0.257766532897949E+01     0.172013683319092E+02     0.719654369354248E+01
     0.179636955261230E+01     0.257930350303650E+01     0.172029666900635E+02     0.720159864425659E+01
     0.179972720146179E+01     0.257910180091858E+01     0.171966361999512E+02     0.720011329650879E+01
     0.180308485031128E+01     0.257842707633972E+01     0.171882591247559E+02     0.719694614410400E+01
     0.180644261837006E+01     0.257938838005066E+01     0.171869907379150E+02     0.719960260391235E+01
     0.180980026721954E+01     0.258114552497864E+01     0.171891975402832E+02     0.720509576797485E+01
     0.181315803527832E+01     0.258201479911804E+01     0.171875534057617E+02     0.720742988586426E+01
     0.181651568412781E+01     0.258340454101562E+01     0.171882038116455E+02     0.721162319183350E+01
     0.181987345218658E+01     0.258333659172058E+01     0.171825542449951E+02     0.721062898635864E+01
     0.182323110103607E+01     0.258276820182800E+01     0.171747589111328E+02     0.720785665512085E+01
     0.182658874988556E+01     0.258449506759644E+01     0.171769218444824E+02     0.721325922012329E+01
     0.182994651794434E+01     0.258653998374939E+01     0.171804904937744E+02     0.721979951858521E+01
     0.183330416679382E+01     0.258632826805115E+01     0.171742916107178E+02     0.721830463409424E+01
     0.183666193485260E+01     0.258721613883972E+01     0.171728744506836E+02     0.722072935104370E+01
     0.184001958370209E+01     0.258713650703430E+01     0.171672706604004E+02     0.721970844268799E+01
     0.184337735176086E+01     0.258702182769775E+01     0.171615371704102E+02     0.721856498718262E+01
     0.184673500061035E+01     0.258863449096680E+01     0.171633415222168E+02     0.722358465194702E+01
     0.185009264945984E+01     0.258862733840942E+01     0.171581134796143E+02     0.722283077239990E+01
     0.185345041751862E+01     0.258857083320618E+01     0.171526737213135E+02     0.722190189361572E+01
     0.185680806636810E+01     0.259096336364746E+01     0.171579265594482E+02     0.722971296310425E+01
     0.186016583442688E+01     0.259116840362549E+01     0.171536750793457E+02     0.722972393035889E+01
     0.186352348327637E+01     0.259256553649902E+01     0.171546325683594E+02     0.723399162292480E+01
     0.186688125133514E+01     0.259234023094177E+01     0.171485385894775E+02     0.723247194290161E+01
     0.187023890018463E+01     0.259194731712341E+01     0.171417312622070E+02     0.723035717010498E+01
     0.187359654903412E+01     0.259468340873718E+01     0.171485652923584E+02     0.723941278457642E+01
     0.187695431709290E+01     0.259431505203247E+01     0.171419010162354E+02     0.723738956451416E+01
     0.188031196594238E+01     0.259425425529480E+01     0.171365947723389E+02     0.723646688461304E+01
     0.188366973400116E+01     0.259383606910706E+01     0.171297340393066E+02     0.723426914215088E+01
     0.188702738285065E+01     0.259649443626404E+01     0.171363258361816E+02     0.724306488037109E+01
     0.189038515090942E+01     0.259511637687683E+01     0.171253185272217E+02     0.723744392395020E+01
     0.189374279975891E+01     0.259779238700867E+01     0.171320152282715E+02     0.724630880355835E+01
     0.189710044860840E+01     0.259757137298584E+01     0.171260890960693E+02     0.724482583999634E+01
     0.190045821666718E+01     0.259975433349609E+01     0.171306686401367E+02     0.725193643569946E+01
     0.190381586551666E+01     0.259871625900269E+01     0.171212158203125E+02     0.724753904342651E+01
     0.190717363357544E+01     0.259810185432434E+01     0.171136131286621E+02     0.724465608596802E+01
     0.191053128242493E+01     0.260018491744995E+01     0.171178207397461E+02     0.725142049789429E+01
     0.191388905048370E+01     0.260137677192688E+01     0.171181545257568E+02     0.725500249862671E+01
     0.191724669933319E+01     0.260032010078430E+01     0.171086711883545E+02     0.725054454803467E+01
     0.192060434818268E+01     0.260194945335388E+01     0.171109466552734E+02     0.725569677352905E+01
     0.192396211624146E+01     0.260270977020264E+01     0.171094379425049E+02     0.725774240493774E+01
     0.192731976509094E+01     0.260321307182312E+01     0.171068172454834E+02     0.725887107849121E+01
     0.193067753314972E+01     0.260404372215271E+01     0.171056499481201E+02     0.726117515563965E+01
     0.193403518199921E+01     0.260398292541504E+01     0.171006050109863E+02     0.726029157638550E+01
     0.193739295005798E+01     0.260522937774658E+01     0.171012954711914E+02     0.726408958435059E+01
     0.194075059890747E+01     0.260411238670349E+01     0.170916404724121E+02     0.725942707061768E+01
     0.194410824775696E+01     0.260639381408691E+01     0.170968990325928E+02     0.726693630218506E+01
     0.194746601581573E+01     0.260483241081238E+01     0.170853347778320E+02     0.726068782806396E+01
     0.195082366466522E+01     0.260618543624878E+01     0.170865650177002E+02     0.726487922668457E+01
     0.195418143272400E+01     0.260862660408020E+01     0.170925731658936E+02     0.727297115325928E+01
     0.195753908157349E+01     0.260656404495239E+01     0.170788497924805E+02     0.726493072509766E+01
     0.196089684963226E+01     0.260747218132019E+01     0.170781688690186E+02     0.726753616333008E+01
     0.196425449848175E+01     0.260958528518677E+01     0.170827960968018E+02     0.727446269989014E+01
     0.196761214733124E+01     0.261022996902466E+01     0.170809974670410E+02     0.727612972259521E+01
     0.197096991539001E+01     0.260853767395020E+01     0.170689468383789E+02     0.726942253112793E+01
     0.197432756423950E+01     0.261038875579834E+01     0.170724735260010E+02     0.727541923522949E+01
     0.197768533229828E+01     0.261181592941284E+01     0.170741539001465E+02     0.727989864349365E+01
     0.198104298114777E+01     0.261143112182617E+01     0.170678977966309E+02     0.727788496017456E+01
     0.198440074920654E+01     0.261250281333923E+01     0.170680446624756E+02     0.728109550476074E+01
     0.198775839805603E+01     0.261361312866211E+01     0.170683956146240E+02     0.728445005416870E+01
     0.199111604690552E+01     0.261360692977905E+01     0.170638408660889E+02     0.728379964828491E+01
     0.199447381496429E+01     0.261330103874207E+01     0.170579662322998E+02     0.728207397460938E+01
     0.199783146381378E+01     0.261273360252380E+01     0.170509738922119E+02     0.727941513061523E+01
     0.200118923187256E+01     0.261449456214905E+01     0.170542392730713E+02     0.728511285781860E+01
     0.200454688072205E+01     0.261558055877686E+01     0.170545616149902E+02     0.728839302062988E+01
     0.200790452957153E+01     0.261567735671997E+01     0.170505237579346E+02     0.728812217712402E+01
     0.201126241683960E+01     0.261664509773254E+01     0.170503444671631E+02     0.729098176956177E+01
     0.201462006568909E+01     0.261559462547302E+01     0.170412902832031E+02     0.728659677505493E+01
     0.201797771453857E+01     0.261498785018921E+01     0.170341987609863E+02     0.728380632400513E+01
     0.202133536338806E+01     0.261712908744812E+01     0.170392322540283E+02     0.729088640213013E+01
     0.202469301223755E+01     0.261705994606018E+01     0.170345382690430E+02     0.729003047943115E+01
     0.202805089950562E+01     0.261822247505188E+01     0.170353050231934E+02     0.729360437393188E+01
     0.203140854835510E+01     0.261898708343506E+01     0.170343246459961E+02     0.729574966430664E+01
     0.203476619720459E+01     0.261958241462708E+01     0.170326023101807E+02     0.729728746414185E+01
     0.203812384605408E+01     0.261786460876465E+01     0.170206890106201E+02     0.729051589965820E+01
     0.204148149490356E+01     0.261862874031067E+01     0.170197391510010E+02     0.729266452789307E+01
     0.204483938217163E+01     0.262117624282837E+01     0.170266933441162E+02     0.730122900009155E+01
     0.204819703102112E+01     0.262082552909851E+01     0.170208568572998E+02     0.729937601089478E+01
     0.205155467987061E+01     0.261989283561707E+01     0.170124511718750E+02     0.729543066024780E+01
     0.205491232872009E+01     0.262017011642456E+01     0.170094127655029E+02     0.729583930969238E+01
     0.205827021598816E+01     0.262026906013489E+01     0.170055923461914E+02     0.729560708999634E+01
     0.206162786483765E+01     0.262108445167542E+01     0.170049686431885E+02     0.729795551300049E+01
     0.206498551368713E+01     0.262224912643433E+01     0.170058956146240E+02     0.730156230926514E+01
     0.206834316253662E+01     0.262345862388611E+01     0.170070457458496E+02     0.730533504486084E+01
     0.207170081138611E+01     0.262369751930237E+01     0.170039100646973E+02     0.730561637878418E+01
     0.207505869865417E+01     0.262389492988586E+01     0.170005893707275E+02     0.730574893951416E+01
     0.207841634750366E+01     0.262478232383728E+01     0.170003528594971E+02     0.730836915969849E+01
     0.208177399635315E+01     0.262477326393127E+01     0.169961547851562E+02     0.730776405334473E+01
     0.208513164520264E+01     0.262532305717468E+01     0.169944572448730E+02     0.730917406082153E+01
     0.208848929405212E+01     0.262571501731873E+01     0.169920597076416E+02     0.731001663208008E+01
     0.209184718132019E+01     0.262451934814453E+01     0.169826335906982E+02     0.730514287948608E+01
     0.209520483016968E+01     0.262686610221863E+01     0.169889392852783E+02     0.731303024291992E+01
     0.209856247901917E+01     0.262728857994080E+01     0.169867172241211E+02     0.731398868560791E+01
     0.210192012786865E+01     0.262791180610657E+01     0.169854087829590E+02     0.731567382812500E+01
     0.210527801513672E+01     0.262616276741028E+01     0.169735698699951E+02     0.730881214141846E+01
     0.210863566398621E+01     0.262808084487915E+01     0.169780349731445E+02     0.731516647338867E+01
     0.211199331283569E+01     0.262874317169189E+01     0.169769325256348E+02     0.731699752807617E+01
     0.211535096168518E+01     0.262936568260193E+01     0.169756736755371E+02     0.731868886947632E+01
     0.211870861053467E+01     0.262728929519653E+01     0.169624176025391E+02     0.731065130233765E+01
     0.212206649780273E+01     0.262825012207031E+01     0.169626846313477E+02     0.731356525421143E+01
     0.212542414665222E+01     0.263036155700684E+01     0.169680938720703E+02     0.732063102722168E+01
     0.212878179550171E+01     0.263037395477295E+01     0.169641609191895E+02     0.732012891769409E+01
     0.213213944435120E+01     0.263026189804077E+01     0.169596900939941E+02     0.731918001174927E+01
     0.213549709320068E+01     0.263162803649902E+01     0.169618167877197E+02     0.732356500625610E+01
     0.213885498046875E+01     0.262962055206299E+01     0.169489364624023E+02     0.731578397750854E+01
     0.214221262931824E+01     0.263000154495239E+01     0.169466972351074E+02     0.731661844253540E+01
     0.214557027816772E+01     0.263195276260376E+01     0.169514656066895E+02     0.732312059402466E+01
     0.214892792701721E+01     0.263148641586304E+01     0.169454822540283E+02     0.732090234756470E+01
     0.215228581428528E+01     0.263215017318726E+01     0.169445400238037E+02     0.732276344299316E+01
     0.215564346313477E+01     0.263266301155090E+01     0.169429416656494E+02     0.732408285140991E+01
     0.215900111198425E+01     0.263281106948853E+01     0.169397354125977E+02     0.732408761978149E+01
     0.216235876083374E+01     0.263340616226196E+01     0.169385242462158E+02     0.732570743560791E+01
     0.216571640968323E+01     0.263292956352234E+01     0.169325466156006E+02     0.732345962524414E+01
     0.216907429695129E+01     0.263220834732056E+01     0.169255409240723E+02     0.732033872604370E+01
     0.217243194580078E+01     0.263376569747925E+01     0.169282207489014E+02     0.732537698745728E+01
     0.217578959465027E+01     0.263531899452209E+01     0.169202632904053E+02     0.732895231246948E+01
     0.217914724349976E+01     0.263583803176880E+01     0.169194164276123E+02     0.733039569854736E+01
     0.218250489234924E+01     0.263695049285889E+01     0.169203777313232E+02     0.733386850357056E+01
     0.218586277961731E+01     0.263479256629944E+01     0.169069957733154E+02     0.732556056976318E+01
     0.218922042846680E+01     0.263514780998230E+01     0.169047851562500E+02     0.732632589340210E+01
     0.219257807731628E+01     0.263744425773621E+01     0.169113063812256E+02     0.733411407470703E+01
     0.219593572616577E+01     0.263705539703369E+01     0.169058017730713E+02     0.733219480514526E+01
     0.219929361343384E+01     0.263816547393799E+01     0.169070301055908E+02     0.733569812774658E+01
     0.220265126228333E+01     0.263825106620789E+01     0.169036827087402E+02     0.733549976348877E+01
     0.220600891113281E+01     0.263647365570068E+01     0.168919868469238E+02     0.732856464385986E+01
     0.220936655998230E+01     0.263833022117615E+01     0.168966007232666E+02     0.733477306365967E+01
     0.221272420883179E+01     0.263898277282715E+01     0.168958206176758E+02     0.733662891387939E+01
     0.221608209609985E+01     0.263753771781921E+01     0.168856468200684E+02     0.733089923858643E+01
     0.221943974494934E+01     0.263787984848022E+01     0.168835010528564E+02     0.733163547515869E+01
     0.222279739379883E+01     0.263837862014771E+01     0.168820667266846E+02     0.733294010162354E+01
     0.222615504264832E+01     0.263971447944641E+01     0.168844127655029E+02     0.733727741241455E+01
     0.222951269149780E+01     0.263957428932190E+01     0.168801383972168E+02     0.733627462387085E+01
     0.223287057876587E+01     0.264030003547668E+01     0.168797607421875E+02     0.733840656280518E+01
     0.223622822761536E+01     0.263892769813538E+01     0.168699665069580E+02     0.733294677734375E+01
     0.223958587646484E+01     0.263990688323975E+01     0.168707504272461E+02     0.733599948883057E+01
     0.224294352531433E+01     0.264063286781311E+01     0.168704147338867E+02     0.733813905715942E+01
     0.224630141258240E+01     0.264126110076904E+01     0.168696498870850E+02     0.733992624282837E+01
     0.224965906143188E+01     0.264198589324951E+01     0.168693256378174E+02     0.734206438064575E+01
     0.225301671028137E+01     0.264067912101746E+01     0.168598709106445E+02     0.733684730529785E+01
     0.225637435913086E+01     0.264191317558289E+01     0.168618621826172E+02     0.734083318710327E+01
     0.225973200798035E+01     0.264242029190063E+01     0.168605976104736E+02     0.734218883514404E+01
     0.226308989524841E+01     0.264161396026611E+01     0.168534221649170E+02     0.733878755569458E+01
     0.226644754409790E+01     0.264308905601501E+01     0.168565425872803E+02     0.734365367889404E+01
     0.226980519294739E+01     0.264364409446716E+01     0.168555316925049E+02     0.734518957138062E+01
     0.227316284179688E+01     0.264355158805847E+01     0.168515987396240E+02     0.734437799453735E+01
     0.227652049064636E+01     0.264372086524963E+01     0.168488597869873E+02     0.734451770782471E+01
     0.227987837791443E+01     0.264476704597473E+01     0.168500938415527E+02     0.734783744812012E+01
     0.228323602676392E+01     0.264445853233337E+01     0.168452301025391E+02     0.734624958038330E+01
     0.228659367561340E+01     0.264515614509583E+01     0.168449134826660E+02     0.734831094741821E+01
     0.228995132446289E+01     0.264499855041504E+01     0.168407382965088E+02     0.734727001190186E+01
     0.229330921173096E+01     0.264553499221802E+01     0.168397178649902E+02     0.734875011444092E+01
     0.229666686058044E+01     0.264415740966797E+01     0.168300628662109E+02     0.734329032897949E+01
     0.230002450942993E+01     0.264434051513672E+01     0.168274555206299E+02     0.734349012374878E+01
     0.230338215827942E+01     0.264634752273560E+01     0.168331127166748E+02     0.735030937194824E+01
     0.230673980712891E+01     0.264435315132141E+01     0.168206863403320E+02     0.734261417388916E+01
     0.231009769439697E+01     0.264499402046204E+01     0.168201866149902E+02     0.734448051452637E+01
     0.231345534324646E+01     0.264592003822327E+01     0.168209857940674E+02     0.734738159179688E+01
     0.231681299209595E+01     0.264668440818787E+01     0.168210754394531E+02     0.734970140457153E+01
     0.232017064094543E+01     0.264722371101379E+01     0.168201484680176E+02     0.735120391845703E+01
     0.232352828979492E+01     0.264677405357361E+01     0.168147583007812E+02     0.734912014007568E+01
     0.232688617706299E+01     0.264579343795776E+01     0.168069629669189E+02     0.734510850906372E+01
     0.233024382591248E+01     0.264813852310181E+01     0.168142547607422E+02     0.735317230224609E+01
     0.233360147476196E+01     0.264717006683350E+01     0.168065376281738E+02     0.734920787811279E+01
     0.233695912361145E+01     0.264750885963440E+01     0.168047580718994E+02     0.734999132156372E+01
     0.234031701087952E+01     0.264670562744141E+01     0.167978038787842E+02     0.734662866592407E+01
     0.234367465972900E+01     0.264846181869507E+01     0.168024692535400E+02     0.735256195068359E+01
     0.234703230857849E+01     0.264695620536804E+01     0.167923564910889E+02     0.734665250778198E+01
     0.235038995742798E+01     0.264858102798462E+01     0.167964439392090E+02     0.735211133956909E+01
     0.235374760627747E+01     0.264943718910217E+01     0.167970695495605E+02     0.735478353500366E+01
     0.235710549354553E+01     0.264845013618469E+01     0.167893199920654E+02     0.735075759887695E+01
     0.236046314239502E+01     0.264783382415771E+01     0.167832679748535E+02     0.734808158874512E+01
     0.236382079124451E+01     0.265021133422852E+01     0.167908363342285E+02     0.735628604888916E+01
     0.236717844009399E+01     0.264805865287781E+01     0.167778148651123E+02     0.734802818298340E+01
     0.237053608894348E+01     0.264957761764526E+01     0.167814998626709E+02     0.735311651229858E+01
     0.237389397621155E+01     0.264978027343750E+01     0.167792034149170E+02     0.735342025756836E+01
     0.237725162506104E+01     0.264871025085449E+01     0.167711391448975E+02     0.734910154342651E+01
     0.238060927391052E+01     0.265104770660400E+01     0.167785778045654E+02     0.735717058181763E+01
     0.238396692276001E+01     0.264882993698120E+01     0.167652912139893E+02     0.734867954254150E+01
     0.238732481002808E+01     0.265058779716492E+01     0.167701206207275E+02     0.735464477539062E+01
     0.239068245887756E+01     0.264975833892822E+01     0.167631797790527E+02     0.735120534896851E+01
     0.239404010772705E+01     0.265116930007935E+01     0.167664489746094E+02     0.735591268539429E+01
     0.239739775657654E+01     0.264994430541992E+01     0.167577171325684E+02     0.735103559494019E+01
     0.240075540542603E+01     0.265201282501221E+01     0.167640094757080E+02     0.735813951492310E+01
     0.240411329269409E+01     0.265109276771545E+01     0.167566795349121E+02     0.735437297821045E+01
     0.240747094154358E+01     0.265149092674255E+01     0.167553730010986E+02     0.735540342330933E+01
     0.241082859039307E+01     0.265177798271179E+01     0.167535743713379E+02     0.735603141784668E+01
     0.241418623924255E+01     0.265240097045898E+01     0.167533092498779E+02     0.735788345336914E+01
     0.241754388809204E+01     0.265295839309692E+01     0.167527618408203E+02     0.735949850082397E+01
     0.242090177536011E+01     0.265243697166443E+01     0.167472991943359E+02     0.735718870162964E+01
     0.242425942420959E+01     0.265135002136230E+01     0.167392482757568E+02     0.735281991958618E+01
     0.242761707305908E+01     0.265228438377380E+01     0.167404479980469E+02     0.735581064224243E+01
     0.243097472190857E+01     0.265291690826416E+01     0.167402896881104E+02     0.735770606994629E+01
     0.243433260917664E+01     0.265159606933594E+01     0.167311992645264E+02     0.735249042510986E+01
     0.243769025802612E+01     0.265251922607422E+01     0.167323760986328E+02     0.735544443130493E+01
     0.244104790687561E+01     0.265390610694885E+01     0.167356815338135E+02     0.736008930206299E+01
     0.244440555572510E+01     0.265196442604065E+01     0.167237796783447E+02     0.735261631011963E+01
     0.244776320457458E+01     0.265238213539124E+01     0.167226638793945E+02     0.735373306274414E+01
     0.245112109184265E+01     0.265299892425537E+01     0.167224845886230E+02     0.735557937622070E+01
     0.245447874069214E+01     0.265449070930481E+01     0.167263183593750E+02     0.736061382293701E+01
     0.245783638954163E+01     0.265392947196960E+01     0.167207584381104E+02     0.735817146301270E+01
     0.246119403839111E+01     0.265281367301941E+01     0.167126617431641E+02     0.735370874404907E+01
     0.246455168724060E+01     0.265248990058899E+01     0.167082023620605E+02     0.735213327407837E+01
     0.246790957450867E+01     0.265500426292419E+01     0.167167644500732E+02     0.736089992523193E+01
     0.247126722335815E+01     0.265315008163452E+01     0.167053089141846E+02     0.735375022888184E+01
     0.247462487220764E+01     0.265317034721375E+01     0.167024478912354E+02     0.735343074798584E+01
     0.247798252105713E+01     0.265301442146301E+01     0.166987934112549E+02     0.735247230529785E+01
     0.248134040832520E+01     0.265366744995117E+01     0.166988620758057E+02     0.735446262359619E+01
     0.248469805717468E+01     0.265400719642639E+01     0.166974887847900E+02     0.735531091690063E+01
     0.248805570602417E+01     0.265373730659485E+01     0.166933345794678E+02     0.735394001007080E+01
     0.249141335487366E+01     0.265524673461914E+01     0.166973628997803E+02     0.735905647277832E+01
     0.249477100372314E+01     0.265385866165161E+01     0.166880836486816E+02     0.735361051559448E+01
     0.249812889099121E+01     0.265546226501465E+01     0.166925678253174E+02     0.735907411575317E+01
     0.250148653984070E+01     0.265438389778137E+01     0.166847267150879E+02     0.735475921630859E+01
     0.250484418869019E+01     0.265399360656738E+01     0.166800632476807E+02     0.735295534133911E+01
     0.250820183753967E+01     0.265631723403931E+01     0.166878795623779E+02     0.736104965209961E+01
     0.251155948638916E+01     0.265555095672607E+01     0.166814956665039E+02     0.735787487030029E+01
     0.251491737365723E+01     0.265572190284729E+01     0.166794376373291E+02     0.735812234878540E+01
     0.251827502250671E+01     0.265596866607666E+01     0.166777248382568E+02     0.735864400863647E+01
     0.252163267135620E+01     0.265560531616211E+01     0.166732177734375E+02     0.735694360733032E+01
     0.252499032020569E+01     0.265589952468872E+01     0.166717453002930E+02     0.735764265060425E+01
     0.252834820747375E+01     0.265640711784363E+01     0.166712741851807E+02     0.735912322998047E+01
     0.253170585632324E+01     0.265499114990234E+01     0.166619338989258E+02     0.735358333587646E+01
     0.253506350517273E+01     0.265526628494263E+01     0.166603965759277E+02     0.735421657562256E+01
     0.253842115402222E+01     0.265694308280945E+01     0.166653366088867E+02     0.735996675491333E+01
     0.254177880287170E+01     0.265641188621521E+01     0.166601047515869E+02     0.735765981674194E+01
     0.254513669013977E+01     0.265698075294495E+01     0.166599464416504E+02     0.735936927795410E+01
     0.254849433898926E+01     0.265597534179688E+01     0.166525344848633E+02     0.735533189773560E+01
     0.255185198783875E+01     0.265756320953369E+01     0.166571044921875E+02     0.736076545715332E+01
     0.255520963668823E+01     0.265605497360229E+01     0.166473827362061E+02     0.735489416122437E+01
     0.255856728553772E+01     0.265725398063660E+01     0.166501712799072E+02     0.735890913009644E+01
     0.256192517280579E+01     0.265746021270752E+01     0.166483879089355E+02     0.735930109024048E+01
     0.256528282165527E+01     0.265728998184204E+01     0.166448707580566E+02     0.735831928253174E+01
     0.256864047050476E+01     0.265631437301636E+01     0.166376304626465E+02     0.735439634323120E+01
     0.257199811935425E+01     0.265769886970520E+01     0.166413154602051E+02     0.735909461975098E+01
     0.257535600662231E+01     0.265860915184021E+01     0.166428241729736E+02     0.736206436157227E+01
     0.257871365547180E+01     0.265846443176270E+01     0.166394500732422E+02     0.736117935180664E+01
     0.258207130432129E+01     0.265647459030151E+01     0.166275424957275E+02     0.735355424880981E+01
     0.258542895317078E+01     0.265645289421082E+01     0.166247558593750E+02     0.735312128067017E+01
     0.258878660202026E+01     0.265706992149353E+01     0.166249351501465E+02     0.735502290725708E+01
     0.259214448928833E+01     0.265885329246521E+01     0.166305255889893E+02     0.736118888854980E+01
     0.259550213813782E+01     0.265689039230347E+01     0.166187648773193E+02     0.735366439819336E+01
     0.259885978698730E+01     0.265882849693298E+01     0.166250858306885E+02     0.736039829254150E+01
     0.260221743583679E+01     0.265848016738892E+01     0.166208229064941E+02     0.735877656936646E+01
     0.260557508468628E+01     0.265787601470947E+01     0.166153831481934E+02     0.735622119903564E+01
     0.260893297195435E+01     0.265884113311768E+01     0.166172218322754E+02     0.735940313339233E+01
     0.261229062080383E+01     0.265852570533752E+01     0.166131267547607E+02     0.735790395736694E+01
     0.261564826965332E+01     0.265758705139160E+01     0.166061534881592E+02     0.735412836074829E+01
     0.261900591850281E+01     0.265880465507507E+01     0.166091899871826E+02     0.735823774337769E+01
     0.262236380577087E+01     0.265791749954224E+01     0.166024646759033E+02     0.735465145111084E+01
     0.262572145462036E+01     0.265952157974243E+01     0.166073188781738E+02     0.736017704010010E+01
     0.262907910346985E+01     0.265913343429565E+01     0.166029243469238E+02     0.735841798782349E+01
     0.263243675231934E+01     0.265926051139832E+01     0.166009311676025E+02     0.735854387283325E+01
     0.263579440116882E+01     0.265887665748596E+01     0.165965709686279E+02     0.735680246353149E+01
     0.263915228843689E+01     0.265807199478149E+01     0.165902557373047E+02     0.735352182388306E+01
     0.264250993728638E+01     0.265882253646851E+01     0.165911846160889E+02     0.735593175888062E+01
     0.264586758613586E+01     0.265901517868042E+01     0.165895271301270E+02     0.735630226135254E+01
     0.264922523498535E+01     0.265938353538513E+01     0.165886917114258E+02     0.735731601715088E+01
     0.265258288383484E+01     0.265827560424805E+01     0.165809917449951E+02     0.735292959213257E+01
     0.265594077110291E+01     0.265805554389954E+01     0.165774288177490E+02     0.735179233551025E+01
     0.265929841995239E+01     0.265921425819397E+01     0.165802955627441E+02     0.735570192337036E+01
     0.266265606880188E+01     0.265976762771606E+01     0.165803508758545E+02     0.735739707946777E+01
     0.266601371765137E+01     0.266052365303040E+01     0.165813655853271E+02     0.735983705520630E+01
     0.266937160491943E+01     0.265839743614197E+01     0.165689430236816E+02     0.735172557830811E+01
     0.267272925376892E+01     0.266048574447632E+01     0.165761814117432E+02     0.735904407501221E+01
     0.267608690261841E+01     0.265858745574951E+01     0.165648365020752E+02     0.735176992416382E+01
     0.267944455146790E+01     0.265988159179688E+01     0.165683803558350E+02     0.735618209838867E+01
     0.268280220031738E+01     0.265921521186829E+01     0.165627899169922E+02     0.735341787338257E+01
